Using pre-set license
Built from '2020.2/staging' branch; Version is '2020.2.7f1 (c53830e277f1) revision 12924976'; Using compiler version '192528614'; Build Type 'Release'
OS: 'Windows 10 Pro; OS build 22631.2428; Version 2009; 64bit' Language: 'en' Physical Memory: 7914 MB
BatchMode: 1, IsHumanControllingUs: 0, StartBugReporterOnCrash: 0, Is64bit: 1, IsPro: 0

 COMMAND LINE ARGUMENTS:
C:\Program Files\Unity\Editor\Unity.exe
-adb2
-batchMode
-noUpm
-name
AssetImportWorker0
-projectPath
C:/Users/dilshan/Downloads/Compressed/Unity-Car-Controller-main/simulation
-logFile
Logs/AssetImportWorker0.log
-srvPort
62289
Successfully changed project path to: C:/Users/dilshan/Downloads/Compressed/Unity-Car-Controller-main/simulation
C:/Users/dilshan/Downloads/Compressed/Unity-Car-Controller-main/simulation
Using Asset Import Pipeline V2.
Refreshing native plugins compatible for Editor in 24.54 ms, found 0 plugins.
Preloading 0 native plugins for Editor in 0.00 ms.
Initialize engine version: 2020.2.7f1 (c53830e277f1)
[Subsystems] Discovering subsystems at path C:/Program Files/Unity/Editor/Data/Resources/UnitySubsystems
[Subsystems] Discovering subsystems at path C:/Users/dilshan/Downloads/Compressed/Unity-Car-Controller-main/simulation/Assets
GfxDevice: creating device client; threaded=0
Direct3D:
    Version:  Direct3D 11.0 [level 11.1]
    Renderer: Intel(R) UHD Graphics (ID=0x9a78)
    Vendor:   
    VRAM:     3957 MB
    Driver:   31.0.101.4575
Initialize mono
Mono path[0] = 'C:/Program Files/Unity/Editor/Data/Managed'
Mono path[1] = 'C:/Program Files/Unity/Editor/Data/MonoBleedingEdge/lib/mono/unityjit'
Mono config path = 'C:/Program Files/Unity/Editor/Data/MonoBleedingEdge/etc'
Using monoOptions --debugger-agent=transport=dt_socket,embedding=1,server=y,suspend=n,address=127.0.0.1:56312
Begin MonoManager ReloadAssembly
Registering precompiled unity dll's ...
Register platform support module: C:/Program Files/Unity/Editor/Data/PlaybackEngines/WindowsStandaloneSupport/UnityEditor.WindowsStandalone.Extensions.dll
Registered in 0.002013 seconds.
Native extension for WindowsStandalone target not found
Refreshing native plugins compatible for Editor in 87.35 ms, found 0 plugins.
Preloading 0 native plugins for Editor in 0.00 ms.
Invoked RoslynAnalysisRunner static constructor.
RoslynAnalysisRunner will not be running.
RoslynAnalysisRunner has terminated.
Mono: successfully reloaded assembly
- Completed reload, in  3.819 seconds
Platform modules already initialized, skipping
Registering precompiled user dll's ...
Registered in 0.003722 seconds.
Begin MonoManager ReloadAssembly
Native extension for WindowsStandalone target not found
Refreshing native plugins compatible for Editor in 0.34 ms, found 0 plugins.
Preloading 0 native plugins for Editor in 0.00 ms.
Invoked RoslynAnalysisRunner static constructor.
RoslynAnalysisRunner will not be running.
RoslynAnalysisRunner has terminated.
Mono: successfully reloaded assembly
- Completed reload, in  1.414 seconds
Platform modules already initialized, skipping
========================================================================
Worker process is ready to serve import requests
Launched and connected shader compiler UnityShaderCompiler.exe after 0.05 seconds
Refreshing native plugins compatible for Editor in 0.22 ms, found 0 plugins.
Preloading 0 native plugins for Editor in 0.00 ms.
Unloading 1118 Unused Serialized files (Serialized files now loaded: 0)
System memory in use before: 78.5 MB.
System memory in use after: 78.5 MB.

Unloading 9 unused Assets to reduce memory usage. Loaded Objects now: 1594.
Total: 2.158000 ms (FindLiveObjects: 0.240500 ms CreateObjectMapping: 0.047500 ms MarkObjects: 1.712300 ms  DeleteObjects: 0.156000 ms)

========================================================================
Received Import Request.
  path: Assets/pausemenu.cs
  artifactKey: Guid(654b5cc319be9da40b51408991385013) Importer(815301076,1909f56bfc062723c751e8b465ee728b)
Start importing Assets/pausemenu.cs using Guid(654b5cc319be9da40b51408991385013) Importer(815301076,1909f56bfc062723c751e8b465ee728b)  -> (artifact id: '27f3badd3c72e454ae3f5561ea56be9a') in 0.057569 seconds
  Import took 0.060568 seconds .

========================================================================
Received Prepare
Refreshing native plugins compatible for Editor in 0.60 ms, found 0 plugins.
Preloading 0 native plugins for Editor in 0.00 ms.
Unloading 3 Unused Serialized files (Serialized files now loaded: 0)
System memory in use before: 55.9 MB.
System memory in use after: 56.0 MB.

Unloading 3 unused Assets to reduce memory usage. Loaded Objects now: 1594.
Total: 2.206300 ms (FindLiveObjects: 0.585900 ms CreateObjectMapping: 0.045600 ms MarkObjects: 1.468000 ms  DeleteObjects: 0.105500 ms)

========================================================================
Received Prepare
Registering precompiled user dll's ...
Registered in 0.000488 seconds.
Begin MonoManager ReloadAssembly
Native extension for WindowsStandalone target not found
Refreshing native plugins compatible for Editor in 0.20 ms, found 0 plugins.
Preloading 0 native plugins for Editor in 0.00 ms.
Invoked RoslynAnalysisRunner static constructor.
RoslynAnalysisRunner will not be running.
RoslynAnalysisRunner has terminated.
Mono: successfully reloaded assembly
- Completed reload, in  0.658 seconds
Platform modules already initialized, skipping
Refreshing native plugins compatible for Editor in 0.20 ms, found 0 plugins.
Preloading 0 native plugins for Editor in 0.00 ms.
Unloading 1113 Unused Serialized files (Serialized files now loaded: 0)
System memory in use before: 78.4 MB.
System memory in use after: 78.5 MB.

Unloading 5 unused Assets to reduce memory usage. Loaded Objects now: 1597.
Total: 2.259200 ms (FindLiveObjects: 0.632800 ms CreateObjectMapping: 0.070600 ms MarkObjects: 1.428800 ms  DeleteObjects: 0.125600 ms)

========================================================================
Received Import Request.
  Time since last request: 808.739217 seconds.
  path: Assets/car/Materials/Free_Car_Texture_Atlas.mat
  artifactKey: Guid(af5af9fb766cfea4dae2910838e2924e) Importer(815301076,1909f56bfc062723c751e8b465ee728b)
Start importing Assets/car/Materials/Free_Car_Texture_Atlas.mat using Guid(af5af9fb766cfea4dae2910838e2924e) Importer(815301076,1909f56bfc062723c751e8b465ee728b)  -> (artifact id: '2b72b22f95eecc0d2c429fa642fefd04') in 0.099035 seconds
  Import took 0.101675 seconds .

========================================================================
Received Import Request.
  Time since last request: 0.000272 seconds.
  path: Assets/car/Materials/gratis-png-toyota-land-cruiser-suv-blanco-toyota-land-cruiser-prado-coche-toyota-86-utilitario-deportivo-toyota-land-cruiser-coche-blanco-thumbnail.mat
  artifactKey: Guid(200cc8f5f3b88e14ca4ce3043839b4ee) Importer(815301076,1909f56bfc062723c751e8b465ee728b)
Start importing Assets/car/Materials/gratis-png-toyota-land-cruiser-suv-blanco-toyota-land-cruiser-prado-coche-toyota-86-utilitario-deportivo-toyota-land-cruiser-coche-blanco-thumbnail.mat using Guid(200cc8f5f3b88e14ca4ce3043839b4ee) Importer(815301076,1909f56bfc062723c751e8b465ee728b)  -> (artifact id: 'c1968a9e03d5e42bc72d6aa98389baab') in 0.023635 seconds
  Import took 0.026377 seconds .

========================================================================
Received Import Request.
  Time since last request: 0.000646 seconds.
  path: Assets/car/Materials/png-transparent-car-rental-luxury-vehicle-chauffeur-newark-liberty-international-airport-wooden-texture.mat
  artifactKey: Guid(c549251e5aeacdb4fa6cfdf0f29156db) Importer(815301076,1909f56bfc062723c751e8b465ee728b)
Start importing Assets/car/Materials/png-transparent-car-rental-luxury-vehicle-chauffeur-newark-liberty-international-airport-wooden-texture.mat using Guid(c549251e5aeacdb4fa6cfdf0f29156db) Importer(815301076,1909f56bfc062723c751e8b465ee728b)  -> (artifact id: '35de905dadf5d09f1a716e1e3dc74bb6') in 0.014401 seconds
  Import took 0.016757 seconds .

========================================================================
Received Import Request.
  Time since last request: 0.000262 seconds.
  path: Assets/car/Materials/gratis-png-toyota-land-cruiser-suv-blanco-toyota-land-cruiser-prado-coche-toyota-86-utilitario-deportivo-toyota-land-cruiser-coche-blanco-thumbnail.mat
  artifactKey: Guid(200cc8f5f3b88e14ca4ce3043839b4ee) Importer(815301076,1909f56bfc062723c751e8b465ee728b)
Start importing Assets/car/Materials/gratis-png-toyota-land-cruiser-suv-blanco-toyota-land-cruiser-prado-coche-toyota-86-utilitario-deportivo-toyota-land-cruiser-coche-blanco-thumbnail.mat using Guid(200cc8f5f3b88e14ca4ce3043839b4ee) Importer(815301076,1909f56bfc062723c751e8b465ee728b)  -> (artifact id: 'c1968a9e03d5e42bc72d6aa98389baab') in 0.016472 seconds
  Import took 0.019838 seconds .

========================================================================
Received Import Request.
  Time since last request: 0.000306 seconds.
  path: Assets/car/Materials/png-transparent-car-rental-luxury-vehicle-chauffeur-newark-liberty-international-airport-wooden-texture.mat
  artifactKey: Guid(c549251e5aeacdb4fa6cfdf0f29156db) Importer(815301076,1909f56bfc062723c751e8b465ee728b)
Start importing Assets/car/Materials/png-transparent-car-rental-luxury-vehicle-chauffeur-newark-liberty-international-airport-wooden-texture.mat using Guid(c549251e5aeacdb4fa6cfdf0f29156db) Importer(815301076,1909f56bfc062723c751e8b465ee728b)  -> (artifact id: '35de905dadf5d09f1a716e1e3dc74bb6') in 0.013276 seconds
  Import took 0.016203 seconds .

========================================================================
Received Import Request.
  Time since last request: 81.952435 seconds.
  path: Assets/Scripts/CarController.cs
  artifactKey: Guid(9dc42f39e4ff10346b89327a2779c5ef) Importer(815301076,1909f56bfc062723c751e8b465ee728b)
Start importing Assets/Scripts/CarController.cs using Guid(9dc42f39e4ff10346b89327a2779c5ef) Importer(815301076,1909f56bfc062723c751e8b465ee728b)  -> (artifact id: '5c3237b5e433a7cca87c5e27b1d9a568') in 0.026907 seconds
  Import took 0.031408 seconds .

========================================================================
Received Import Request.
  Time since last request: 126.026664 seconds.
  path: Assets/Scripts/CarController.cs
  artifactKey: Guid(9dc42f39e4ff10346b89327a2779c5ef) Importer(815301076,1909f56bfc062723c751e8b465ee728b)
Start importing Assets/Scripts/CarController.cs using Guid(9dc42f39e4ff10346b89327a2779c5ef) Importer(815301076,1909f56bfc062723c751e8b465ee728b)  -> (artifact id: '4621caa2565ad7579524c2169c418334') in 0.019425 seconds
  Import took 0.034378 seconds .

========================================================================
Received Import Request.
  Time since last request: 0.002011 seconds.
  path: Assets/Scripts/CarController.cs
  artifactKey: Guid(9dc42f39e4ff10346b89327a2779c5ef) Importer(815301076,1909f56bfc062723c751e8b465ee728b)
Start importing Assets/Scripts/CarController.cs using Guid(9dc42f39e4ff10346b89327a2779c5ef) Importer(815301076,1909f56bfc062723c751e8b465ee728b)  -> (artifact id: '4621caa2565ad7579524c2169c418334') in 0.003353 seconds
  Import took 0.006447 seconds .

========================================================================
Received Prepare
Registering precompiled user dll's ...
Registered in 0.001278 seconds.
Begin MonoManager ReloadAssembly
Native extension for WindowsStandalone target not found
Refreshing native plugins compatible for Editor in 0.18 ms, found 0 plugins.
Preloading 0 native plugins for Editor in 0.00 ms.
Invoked RoslynAnalysisRunner static constructor.
RoslynAnalysisRunner will not be running.
RoslynAnalysisRunner has terminated.
Mono: successfully reloaded assembly
- Completed reload, in  0.714 seconds
Platform modules already initialized, skipping
Refreshing native plugins compatible for Editor in 0.18 ms, found 0 plugins.
Preloading 0 native plugins for Editor in 0.00 ms.
Unloading 1113 Unused Serialized files (Serialized files now loaded: 0)
System memory in use before: 81.8 MB.
System memory in use after: 81.9 MB.

Unloading 5 unused Assets to reduce memory usage. Loaded Objects now: 1640.
Total: 1.869600 ms (FindLiveObjects: 0.283500 ms CreateObjectMapping: 0.045800 ms MarkObjects: 1.438600 ms  DeleteObjects: 0.100100 ms)

========================================================================
Received Import Request.
  Time since last request: 916.804000 seconds.
  path: Assets/New Terrain 1.asset
  artifactKey: Guid(ac4e72c945c2a004cb6d4f21efa76a3e) Importer(815301076,1909f56bfc062723c751e8b465ee728b)
Start importing Assets/New Terrain 1.asset using Guid(ac4e72c945c2a004cb6d4f21efa76a3e) Importer(815301076,1909f56bfc062723c751e8b465ee728b)  -> (artifact id: '78a1c3e94b679855be9d0b3b1a9cf900') in 0.032497 seconds
  Import took 0.036535 seconds .

========================================================================
Received Import Request.
  Time since last request: 0.024487 seconds.
  path: Assets/New Terrain 1.asset
  artifactKey: Guid(ac4e72c945c2a004cb6d4f21efa76a3e) Importer(815301076,1909f56bfc062723c751e8b465ee728b)
Start importing Assets/New Terrain 1.asset using Guid(ac4e72c945c2a004cb6d4f21efa76a3e) Importer(815301076,1909f56bfc062723c751e8b465ee728b)  -> (artifact id: '78a1c3e94b679855be9d0b3b1a9cf900') in 0.011903 seconds
  Import took 0.015737 seconds .

========================================================================
Received Prepare
Registering precompiled user dll's ...
Registered in 0.000913 seconds.
Begin MonoManager ReloadAssembly
Native extension for WindowsStandalone target not found
Refreshing native plugins compatible for Editor in 0.18 ms, found 0 plugins.
Preloading 0 native plugins for Editor in 0.00 ms.
Invoked RoslynAnalysisRunner static constructor.
RoslynAnalysisRunner will not be running.
RoslynAnalysisRunner has terminated.
Mono: successfully reloaded assembly
- Completed reload, in  0.609 seconds
Platform modules already initialized, skipping
Refreshing native plugins compatible for Editor in 0.62 ms, found 0 plugins.
Preloading 0 native plugins for Editor in 0.00 ms.
Unloading 1113 Unused Serialized files (Serialized files now loaded: 0)
System memory in use before: 81.8 MB.
System memory in use after: 81.9 MB.

Unloading 5 unused Assets to reduce memory usage. Loaded Objects now: 1643.
Total: 2.129000 ms (FindLiveObjects: 0.540900 ms CreateObjectMapping: 0.079100 ms MarkObjects: 1.399500 ms  DeleteObjects: 0.107800 ms)

========================================================================
Received Prepare
Registering precompiled user dll's ...
Registered in 0.000778 seconds.
Begin MonoManager ReloadAssembly
Native extension for WindowsStandalone target not found
Refreshing native plugins compatible for Editor in 0.22 ms, found 0 plugins.
Preloading 0 native plugins for Editor in 0.00 ms.
Invoked RoslynAnalysisRunner static constructor.
RoslynAnalysisRunner will not be running.
RoslynAnalysisRunner has terminated.
Mono: successfully reloaded assembly
- Completed reload, in  0.672 seconds
Platform modules already initialized, skipping
Refreshing native plugins compatible for Editor in 0.19 ms, found 0 plugins.
Preloading 0 native plugins for Editor in 0.00 ms.
Unloading 1113 Unused Serialized files (Serialized files now loaded: 0)
System memory in use before: 81.8 MB.
System memory in use after: 81.9 MB.

Unloading 5 unused Assets to reduce memory usage. Loaded Objects now: 1646.
Total: 1.895300 ms (FindLiveObjects: 0.274200 ms CreateObjectMapping: 0.052700 ms MarkObjects: 1.431900 ms  DeleteObjects: 0.135200 ms)

========================================================================
Received Import Request.
  Time since last request: 1899.102372 seconds.
  path: Assets/pausemenu.cs
  artifactKey: Guid(654b5cc319be9da40b51408991385013) Importer(815301076,1909f56bfc062723c751e8b465ee728b)
Start importing Assets/pausemenu.cs using Guid(654b5cc319be9da40b51408991385013) Importer(815301076,1909f56bfc062723c751e8b465ee728b)  -> (artifact id: '08742ecfd60750e790e935ad0fc07a4a') in 0.005079 seconds
  Import took 0.007192 seconds .

========================================================================
Received Prepare
Registering precompiled user dll's ...
Registered in 0.000496 seconds.
Begin MonoManager ReloadAssembly
Native extension for WindowsStandalone target not found
Refreshing native plugins compatible for Editor in 0.24 ms, found 0 plugins.
Preloading 0 native plugins for Editor in 0.00 ms.
Invoked RoslynAnalysisRunner static constructor.
RoslynAnalysisRunner will not be running.
RoslynAnalysisRunner has terminated.
Mono: successfully reloaded assembly
- Completed reload, in  0.616 seconds
Platform modules already initialized, skipping
Refreshing native plugins compatible for Editor in 0.18 ms, found 0 plugins.
Preloading 0 native plugins for Editor in 0.00 ms.
Unloading 1113 Unused Serialized files (Serialized files now loaded: 0)
System memory in use before: 81.8 MB.
System memory in use after: 81.9 MB.

Unloading 5 unused Assets to reduce memory usage. Loaded Objects now: 1649.
Total: 1.577200 ms (FindLiveObjects: 0.202000 ms CreateObjectMapping: 0.035700 ms MarkObjects: 1.228000 ms  DeleteObjects: 0.109800 ms)

========================================================================
Received Import Request.
  Time since last request: 185.408008 seconds.
  path: Assets/Scenes/game.unity
  artifactKey: Guid(9fc0d4010bbf28b4594072e72b8655ab) Importer(815301076,1909f56bfc062723c751e8b465ee728b)
Start importing Assets/Scenes/game.unity using Guid(9fc0d4010bbf28b4594072e72b8655ab) Importer(815301076,1909f56bfc062723c751e8b465ee728b)  -> (artifact id: 'afbb1191f8535f860a17fcb52b72b8af') in 0.021981 seconds
  Import took 0.024092 seconds .

========================================================================
Received Prepare
Registering precompiled user dll's ...
Registered in 0.000486 seconds.
Begin MonoManager ReloadAssembly
Native extension for WindowsStandalone target not found
Refreshing native plugins compatible for Editor in 0.42 ms, found 0 plugins.
Preloading 0 native plugins for Editor in 0.00 ms.
Invoked RoslynAnalysisRunner static constructor.
RoslynAnalysisRunner will not be running.
RoslynAnalysisRunner has terminated.
Mono: successfully reloaded assembly
- Completed reload, in  2.985 seconds
Platform modules already initialized, skipping
Refreshing native plugins compatible for Editor in 0.50 ms, found 0 plugins.
Preloading 0 native plugins for Editor in 0.00 ms.
Unloading 1113 Unused Serialized files (Serialized files now loaded: 0)
System memory in use before: 81.9 MB.
System memory in use after: 81.9 MB.

Unloading 5 unused Assets to reduce memory usage. Loaded Objects now: 1652.
Total: 8.581600 ms (FindLiveObjects: 3.527200 ms CreateObjectMapping: 0.266900 ms MarkObjects: 4.544600 ms  DeleteObjects: 0.239800 ms)

========================================================================
Received Prepare
Refreshing native plugins compatible for Editor in 1.84 ms, found 0 plugins.
Preloading 0 native plugins for Editor in 0.00 ms.
Unloading 3 Unused Serialized files (Serialized files now loaded: 0)
System memory in use before: 59.5 MB.
System memory in use after: 59.6 MB.

Unloading 3 unused Assets to reduce memory usage. Loaded Objects now: 1652.
Total: 6.889400 ms (FindLiveObjects: 0.267400 ms CreateObjectMapping: 0.274100 ms MarkObjects: 6.003100 ms  DeleteObjects: 0.342100 ms)

========================================================================
Received Import Request.
  Time since last request: 347.659659 seconds.
  path: Assets/New Terrain 1.asset
  artifactKey: Guid(ac4e72c945c2a004cb6d4f21efa76a3e) Importer(815301076,1909f56bfc062723c751e8b465ee728b)
Start importing Assets/New Terrain 1.asset using Guid(ac4e72c945c2a004cb6d4f21efa76a3e) Importer(815301076,1909f56bfc062723c751e8b465ee728b)  -> (artifact id: '32efdd403fbf4e7c4a51f93b6dcac217') in 0.053326 seconds
  Import took 0.056009 seconds .

========================================================================
Received Import Request.
  Time since last request: 0.000334 seconds.
  path: Assets/NewLayer.terrainlayer
  artifactKey: Guid(2f29b19df3d190b4283af4011259b283) Importer(815301076,1909f56bfc062723c751e8b465ee728b)
Start importing Assets/NewLayer.terrainlayer using Guid(2f29b19df3d190b4283af4011259b283) Importer(815301076,1909f56bfc062723c751e8b465ee728b)  -> (artifact id: '7f748839bf170a6677a51087531dd0c7') in 0.031319 seconds
  Import took 0.033200 seconds .

========================================================================
Received Prepare
Registering precompiled user dll's ...
Registered in 0.000914 seconds.
Begin MonoManager ReloadAssembly
Native extension for WindowsStandalone target not found
Refreshing native plugins compatible for Editor in 0.30 ms, found 0 plugins.
Preloading 0 native plugins for Editor in 0.00 ms.
Invoked RoslynAnalysisRunner static constructor.
RoslynAnalysisRunner will not be running.
RoslynAnalysisRunner has terminated.
Mono: successfully reloaded assembly
- Completed reload, in  0.702 seconds
Platform modules already initialized, skipping
Refreshing native plugins compatible for Editor in 0.20 ms, found 0 plugins.
Preloading 0 native plugins for Editor in 0.00 ms.
Unloading 1113 Unused Serialized files (Serialized files now loaded: 0)
System memory in use before: 81.9 MB.
System memory in use after: 81.9 MB.

Unloading 5 unused Assets to reduce memory usage. Loaded Objects now: 1658.
Total: 1.897100 ms (FindLiveObjects: 0.136500 ms CreateObjectMapping: 0.037900 ms MarkObjects: 1.613900 ms  DeleteObjects: 0.107500 ms)

========================================================================
Received Prepare
Registering precompiled user dll's ...
Registered in 0.000497 seconds.
Begin MonoManager ReloadAssembly
Native extension for WindowsStandalone target not found
Refreshing native plugins compatible for Editor in 0.21 ms, found 0 plugins.
Preloading 0 native plugins for Editor in 0.00 ms.
Invoked RoslynAnalysisRunner static constructor.
RoslynAnalysisRunner will not be running.
RoslynAnalysisRunner has terminated.
Mono: successfully reloaded assembly
- Completed reload, in  0.695 seconds
Platform modules already initialized, skipping
Refreshing native plugins compatible for Editor in 0.25 ms, found 0 plugins.
Preloading 0 native plugins for Editor in 0.00 ms.
Unloading 1113 Unused Serialized files (Serialized files now loaded: 0)
System memory in use before: 81.9 MB.
System memory in use after: 82.0 MB.

Unloading 5 unused Assets to reduce memory usage. Loaded Objects now: 1661.
Total: 1.923100 ms (FindLiveObjects: 0.142000 ms CreateObjectMapping: 0.035700 ms MarkObjects: 1.578300 ms  DeleteObjects: 0.165700 ms)

========================================================================
Received Prepare
Registering precompiled user dll's ...
Registered in 0.000763 seconds.
Begin MonoManager ReloadAssembly
Native extension for WindowsStandalone target not found
Refreshing native plugins compatible for Editor in 0.19 ms, found 0 plugins.
Preloading 0 native plugins for Editor in 0.00 ms.
Invoked RoslynAnalysisRunner static constructor.
RoslynAnalysisRunner will not be running.
RoslynAnalysisRunner has terminated.
Mono: successfully reloaded assembly
- Completed reload, in  0.754 seconds
Platform modules already initialized, skipping
Refreshing native plugins compatible for Editor in 0.19 ms, found 0 plugins.
Preloading 0 native plugins for Editor in 0.00 ms.
Unloading 1113 Unused Serialized files (Serialized files now loaded: 0)
System memory in use before: 81.9 MB.
System memory in use after: 82.0 MB.

Unloading 5 unused Assets to reduce memory usage. Loaded Objects now: 1664.
Total: 1.798500 ms (FindLiveObjects: 0.344800 ms CreateObjectMapping: 0.049500 ms MarkObjects: 1.301200 ms  DeleteObjects: 0.101800 ms)

========================================================================
Received Prepare
Registering precompiled user dll's ...
Registered in 0.000509 seconds.
Begin MonoManager ReloadAssembly
Native extension for WindowsStandalone target not found
Refreshing native plugins compatible for Editor in 0.28 ms, found 0 plugins.
Preloading 0 native plugins for Editor in 0.00 ms.
Invoked RoslynAnalysisRunner static constructor.
RoslynAnalysisRunner will not be running.
RoslynAnalysisRunner has terminated.
Mono: successfully reloaded assembly
- Completed reload, in  0.727 seconds
Platform modules already initialized, skipping
Refreshing native plugins compatible for Editor in 0.19 ms, found 0 plugins.
Preloading 0 native plugins for Editor in 0.00 ms.
Unloading 1113 Unused Serialized files (Serialized files now loaded: 0)
System memory in use before: 81.9 MB.
System memory in use after: 82.0 MB.

Unloading 5 unused Assets to reduce memory usage. Loaded Objects now: 1667.
Total: 2.222100 ms (FindLiveObjects: 0.492900 ms CreateObjectMapping: 0.045800 ms MarkObjects: 1.572900 ms  DeleteObjects: 0.109200 ms)

========================================================================
Received Prepare
Registering precompiled user dll's ...
Registered in 0.000775 seconds.
Begin MonoManager ReloadAssembly
Native extension for WindowsStandalone target not found
Refreshing native plugins compatible for Editor in 0.18 ms, found 0 plugins.
Preloading 0 native plugins for Editor in 0.00 ms.
Invoked RoslynAnalysisRunner static constructor.
RoslynAnalysisRunner will not be running.
RoslynAnalysisRunner has terminated.
Mono: successfully reloaded assembly
- Completed reload, in  0.676 seconds
Platform modules already initialized, skipping
Refreshing native plugins compatible for Editor in 0.18 ms, found 0 plugins.
Preloading 0 native plugins for Editor in 0.00 ms.
Unloading 1113 Unused Serialized files (Serialized files now loaded: 0)
System memory in use before: 81.9 MB.
System memory in use after: 82.0 MB.

Unloading 5 unused Assets to reduce memory usage. Loaded Objects now: 1670.
Total: 1.848100 ms (FindLiveObjects: 0.170500 ms CreateObjectMapping: 0.036900 ms MarkObjects: 1.521200 ms  DeleteObjects: 0.118100 ms)

========================================================================
Received Prepare
Registering precompiled user dll's ...
Registered in 0.000669 seconds.
Begin MonoManager ReloadAssembly
Native extension for WindowsStandalone target not found
Refreshing native plugins compatible for Editor in 0.22 ms, found 0 plugins.
Preloading 0 native plugins for Editor in 0.00 ms.
Invoked RoslynAnalysisRunner static constructor.
RoslynAnalysisRunner will not be running.
RoslynAnalysisRunner has terminated.
Mono: successfully reloaded assembly
- Completed reload, in  0.747 seconds
Platform modules already initialized, skipping
Refreshing native plugins compatible for Editor in 0.20 ms, found 0 plugins.
Preloading 0 native plugins for Editor in 0.00 ms.
Unloading 1113 Unused Serialized files (Serialized files now loaded: 0)
System memory in use before: 81.9 MB.
System memory in use after: 82.0 MB.

Unloading 5 unused Assets to reduce memory usage. Loaded Objects now: 1673.
Total: 1.583100 ms (FindLiveObjects: 0.134800 ms CreateObjectMapping: 0.041100 ms MarkObjects: 1.277300 ms  DeleteObjects: 0.128500 ms)

========================================================================
Received Prepare
Registering precompiled user dll's ...
Registered in 0.000656 seconds.
Begin MonoManager ReloadAssembly
Native extension for WindowsStandalone target not found
Refreshing native plugins compatible for Editor in 0.24 ms, found 0 plugins.
Preloading 0 native plugins for Editor in 0.00 ms.
Invoked RoslynAnalysisRunner static constructor.
RoslynAnalysisRunner will not be running.
RoslynAnalysisRunner has terminated.
Mono: successfully reloaded assembly
- Completed reload, in  1.070 seconds
Platform modules already initialized, skipping
Refreshing native plugins compatible for Editor in 0.23 ms, found 0 plugins.
Preloading 0 native plugins for Editor in 0.00 ms.
Unloading 1113 Unused Serialized files (Serialized files now loaded: 0)
System memory in use before: 81.9 MB.
System memory in use after: 82.0 MB.

Unloading 5 unused Assets to reduce memory usage. Loaded Objects now: 1676.
Total: 6.178600 ms (FindLiveObjects: 1.342700 ms CreateObjectMapping: 0.080000 ms MarkObjects: 4.558800 ms  DeleteObjects: 0.194300 ms)

========================================================================
Received Prepare
Registering precompiled user dll's ...
Registered in 0.001060 seconds.
Begin MonoManager ReloadAssembly
Native extension for WindowsStandalone target not found
Refreshing native plugins compatible for Editor in 0.39 ms, found 0 plugins.
Preloading 0 native plugins for Editor in 0.00 ms.
Invoked RoslynAnalysisRunner static constructor.
RoslynAnalysisRunner will not be running.
RoslynAnalysisRunner has terminated.
Mono: successfully reloaded assembly
- Completed reload, in  1.049 seconds
Platform modules already initialized, skipping
Refreshing native plugins compatible for Editor in 0.23 ms, found 0 plugins.
Preloading 0 native plugins for Editor in 0.00 ms.
Unloading 1113 Unused Serialized files (Serialized files now loaded: 0)
System memory in use before: 81.9 MB.
System memory in use after: 82.0 MB.

Unloading 5 unused Assets to reduce memory usage. Loaded Objects now: 1679.
Total: 2.450200 ms (FindLiveObjects: 0.195600 ms CreateObjectMapping: 0.059000 ms MarkObjects: 2.048100 ms  DeleteObjects: 0.145900 ms)

========================================================================
Received Prepare
Registering precompiled user dll's ...
Registered in 0.000627 seconds.
Begin MonoManager ReloadAssembly
Native extension for WindowsStandalone target not found
Refreshing native plugins compatible for Editor in 0.20 ms, found 0 plugins.
Preloading 0 native plugins for Editor in 0.00 ms.
Invoked RoslynAnalysisRunner static constructor.
RoslynAnalysisRunner will not be running.
RoslynAnalysisRunner has terminated.
Mono: successfully reloaded assembly
- Completed reload, in  0.896 seconds
Platform modules already initialized, skipping
Refreshing native plugins compatible for Editor in 0.20 ms, found 0 plugins.
Preloading 0 native plugins for Editor in 0.00 ms.
Unloading 1113 Unused Serialized files (Serialized files now loaded: 0)
System memory in use before: 81.9 MB.
System memory in use after: 82.0 MB.

Unloading 5 unused Assets to reduce memory usage. Loaded Objects now: 1682.
Total: 5.447000 ms (FindLiveObjects: 0.401500 ms CreateObjectMapping: 0.091100 ms MarkObjects: 4.731900 ms  DeleteObjects: 0.219600 ms)

========================================================================
Received Import Request.
  Time since last request: 1304.745259 seconds.
  path: Assets/Scenes/Main Menu.unity
  artifactKey: Guid(16290bf4f52079542b2f4f0f5641a362) Importer(815301076,1909f56bfc062723c751e8b465ee728b)
Start importing Assets/Scenes/Main Menu.unity using Guid(16290bf4f52079542b2f4f0f5641a362) Importer(815301076,1909f56bfc062723c751e8b465ee728b)  -> (artifact id: '0b0f50c3f4718db02c247decb8157bba') in 0.037950 seconds
  Import took 0.041058 seconds .

========================================================================
Received Prepare
Refreshing native plugins compatible for Editor in 0.55 ms, found 0 plugins.
Preloading 0 native plugins for Editor in 0.00 ms.
Unloading 3 Unused Serialized files (Serialized files now loaded: 0)
System memory in use before: 59.6 MB.
System memory in use after: 59.7 MB.

Unloading 3 unused Assets to reduce memory usage. Loaded Objects now: 1682.
Total: 4.462900 ms (FindLiveObjects: 1.751900 ms CreateObjectMapping: 0.213400 ms MarkObjects: 2.347700 ms  DeleteObjects: 0.147100 ms)

========================================================================
Received Prepare
Registering precompiled user dll's ...
Registered in 0.000872 seconds.
Begin MonoManager ReloadAssembly
Native extension for WindowsStandalone target not found
Refreshing native plugins compatible for Editor in 0.19 ms, found 0 plugins.
Preloading 0 native plugins for Editor in 0.00 ms.
Invoked RoslynAnalysisRunner static constructor.
RoslynAnalysisRunner will not be running.
RoslynAnalysisRunner has terminated.
Mono: successfully reloaded assembly
- Completed reload, in  0.705 seconds
Platform modules already initialized, skipping
Refreshing native plugins compatible for Editor in 0.19 ms, found 0 plugins.
Preloading 0 native plugins for Editor in 0.00 ms.
Unloading 1113 Unused Serialized files (Serialized files now loaded: 0)
System memory in use before: 81.9 MB.
System memory in use after: 82.0 MB.

Unloading 5 unused Assets to reduce memory usage. Loaded Objects now: 1685.
Total: 1.971500 ms (FindLiveObjects: 0.509800 ms CreateObjectMapping: 0.053700 ms MarkObjects: 1.286800 ms  DeleteObjects: 0.120000 ms)

========================================================================
Received Prepare
Registering precompiled user dll's ...
Registered in 0.000521 seconds.
Begin MonoManager ReloadAssembly
Native extension for WindowsStandalone target not found
Refreshing native plugins compatible for Editor in 0.23 ms, found 0 plugins.
Preloading 0 native plugins for Editor in 0.00 ms.
Invoked RoslynAnalysisRunner static constructor.
RoslynAnalysisRunner will not be running.
RoslynAnalysisRunner has terminated.
Mono: successfully reloaded assembly
- Completed reload, in  0.665 seconds
Platform modules already initialized, skipping
Refreshing native plugins compatible for Editor in 0.17 ms, found 0 plugins.
Preloading 0 native plugins for Editor in 0.00 ms.
Unloading 1113 Unused Serialized files (Serialized files now loaded: 0)
System memory in use before: 81.9 MB.
System memory in use after: 82.0 MB.

Unloading 5 unused Assets to reduce memory usage. Loaded Objects now: 1688.
Total: 1.755600 ms (FindLiveObjects: 0.197400 ms CreateObjectMapping: 0.035800 ms MarkObjects: 1.399000 ms  DeleteObjects: 0.121700 ms)

========================================================================
Received Import Request.
  Time since last request: 433.147999 seconds.
  path: Assets/Mainmenu.cs
  artifactKey: Guid(3dd61aabe2d30334dac839e1f14e983e) Importer(815301076,1909f56bfc062723c751e8b465ee728b)
Start importing Assets/Mainmenu.cs using Guid(3dd61aabe2d30334dac839e1f14e983e) Importer(815301076,1909f56bfc062723c751e8b465ee728b)  -> (artifact id: '76715fb917a95762da62a1166121cef3') in 0.010058 seconds
  Import took 0.011848 seconds .

========================================================================
Received Prepare
Registering precompiled user dll's ...
Registered in 0.000622 seconds.
Begin MonoManager ReloadAssembly
Native extension for WindowsStandalone target not found
Refreshing native plugins compatible for Editor in 0.21 ms, found 0 plugins.
Preloading 0 native plugins for Editor in 0.00 ms.
Invoked RoslynAnalysisRunner static constructor.
RoslynAnalysisRunner will not be running.
RoslynAnalysisRunner has terminated.
Mono: successfully reloaded assembly
- Completed reload, in  0.600 seconds
Platform modules already initialized, skipping
Refreshing native plugins compatible for Editor in 0.18 ms, found 0 plugins.
Preloading 0 native plugins for Editor in 0.00 ms.
Unloading 1113 Unused Serialized files (Serialized files now loaded: 0)
System memory in use before: 81.9 MB.
System memory in use after: 82.0 MB.

Unloading 5 unused Assets to reduce memory usage. Loaded Objects now: 1691.
Total: 1.960500 ms (FindLiveObjects: 0.213200 ms CreateObjectMapping: 0.036700 ms MarkObjects: 1.591400 ms  DeleteObjects: 0.117900 ms)

========================================================================
Received Prepare
Registering precompiled user dll's ...
Registered in 0.000464 seconds.
Begin MonoManager ReloadAssembly
Native extension for WindowsStandalone target not found
Refreshing native plugins compatible for Editor in 0.20 ms, found 0 plugins.
Preloading 0 native plugins for Editor in 0.00 ms.
Invoked RoslynAnalysisRunner static constructor.
RoslynAnalysisRunner will not be running.
RoslynAnalysisRunner has terminated.
Mono: successfully reloaded assembly
- Completed reload, in  0.651 seconds
Platform modules already initialized, skipping
Refreshing native plugins compatible for Editor in 0.18 ms, found 0 plugins.
Preloading 0 native plugins for Editor in 0.00 ms.
Unloading 1113 Unused Serialized files (Serialized files now loaded: 0)
System memory in use before: 81.9 MB.
System memory in use after: 82.0 MB.

Unloading 5 unused Assets to reduce memory usage. Loaded Objects now: 1694.
Total: 1.819400 ms (FindLiveObjects: 0.273800 ms CreateObjectMapping: 0.079500 ms MarkObjects: 1.304600 ms  DeleteObjects: 0.159900 ms)

========================================================================
Received Prepare
Registering precompiled user dll's ...
Registered in 0.000526 seconds.
Begin MonoManager ReloadAssembly
Native extension for WindowsStandalone target not found
Refreshing native plugins compatible for Editor in 0.19 ms, found 0 plugins.
Preloading 0 native plugins for Editor in 0.00 ms.
Invoked RoslynAnalysisRunner static constructor.
RoslynAnalysisRunner will not be running.
RoslynAnalysisRunner has terminated.
Mono: successfully reloaded assembly
- Completed reload, in  0.602 seconds
Platform modules already initialized, skipping
Refreshing native plugins compatible for Editor in 0.18 ms, found 0 plugins.
Preloading 0 native plugins for Editor in 0.00 ms.
Unloading 1113 Unused Serialized files (Serialized files now loaded: 0)
System memory in use before: 82.0 MB.
System memory in use after: 82.0 MB.

Unloading 5 unused Assets to reduce memory usage. Loaded Objects now: 1697.
Total: 1.939900 ms (FindLiveObjects: 0.624500 ms CreateObjectMapping: 0.040700 ms MarkObjects: 1.153600 ms  DeleteObjects: 0.119400 ms)

========================================================================
Received Import Request.
  Time since last request: 199.516143 seconds.
  path: Assets/Mainmenu.cs
  artifactKey: Guid(3dd61aabe2d30334dac839e1f14e983e) Importer(815301076,1909f56bfc062723c751e8b465ee728b)
Start importing Assets/Mainmenu.cs using Guid(3dd61aabe2d30334dac839e1f14e983e) Importer(815301076,1909f56bfc062723c751e8b465ee728b)  -> (artifact id: '4dc8e92eac46a0aa26970496a194db7b') in 0.005693 seconds
  Import took 0.008861 seconds .

========================================================================
Received Prepare
Registering precompiled user dll's ...
Registered in 0.000530 seconds.
Begin MonoManager ReloadAssembly
Native extension for WindowsStandalone target not found
Refreshing native plugins compatible for Editor in 0.19 ms, found 0 plugins.
Preloading 0 native plugins for Editor in 0.00 ms.
Invoked RoslynAnalysisRunner static constructor.
RoslynAnalysisRunner will not be running.
RoslynAnalysisRunner has terminated.
Mono: successfully reloaded assembly
- Completed reload, in  0.653 seconds
Platform modules already initialized, skipping
Refreshing native plugins compatible for Editor in 0.20 ms, found 0 plugins.
Preloading 0 native plugins for Editor in 0.00 ms.
Unloading 1113 Unused Serialized files (Serialized files now loaded: 0)
System memory in use before: 82.0 MB.
System memory in use after: 82.0 MB.

Unloading 5 unused Assets to reduce memory usage. Loaded Objects now: 1700.
Total: 1.931000 ms (FindLiveObjects: 0.313300 ms CreateObjectMapping: 0.062300 ms MarkObjects: 1.437800 ms  DeleteObjects: 0.115700 ms)

========================================================================
Received Prepare
Registering precompiled user dll's ...
Registered in 0.000668 seconds.
Begin MonoManager ReloadAssembly
Native extension for WindowsStandalone target not found
Refreshing native plugins compatible for Editor in 0.25 ms, found 0 plugins.
Preloading 0 native plugins for Editor in 0.00 ms.
Invoked RoslynAnalysisRunner static constructor.
RoslynAnalysisRunner will not be running.
RoslynAnalysisRunner has terminated.
Mono: successfully reloaded assembly
- Completed reload, in  1.074 seconds
Platform modules already initialized, skipping
Refreshing native plugins compatible for Editor in 0.23 ms, found 0 plugins.
Preloading 0 native plugins for Editor in 0.00 ms.
Unloading 1113 Unused Serialized files (Serialized files now loaded: 0)
System memory in use before: 82.0 MB.
System memory in use after: 82.0 MB.

Unloading 5 unused Assets to reduce memory usage. Loaded Objects now: 1703.
Total: 2.239300 ms (FindLiveObjects: 0.220900 ms CreateObjectMapping: 0.049000 ms MarkObjects: 1.803300 ms  DeleteObjects: 0.164000 ms)

========================================================================
Received Prepare
Refreshing native plugins compatible for Editor in 0.80 ms, found 0 plugins.
Preloading 0 native plugins for Editor in 0.00 ms.
Unloading 3 Unused Serialized files (Serialized files now loaded: 0)
System memory in use before: 59.6 MB.
System memory in use after: 59.7 MB.

Unloading 3 unused Assets to reduce memory usage. Loaded Objects now: 1703.
Total: 3.387100 ms (FindLiveObjects: 0.667300 ms CreateObjectMapping: 0.104100 ms MarkObjects: 2.432100 ms  DeleteObjects: 0.181300 ms)

AssetImportWorkerClient::OnTransportError - code=2 error=End of file
